Arguments: 
  /home/admin1234/.nvm/versions/node/v14.15.4/bin/node /home/admin1234/.nvm/versions/node/v14.15.4/bin/yarn add index.js node_modules package.json package-lock.json views

PATH: 
  /home/admin1234/.nvm/versions/node/v14.15.4/bin:/home/admin1234/.cargo/bin:/usr/local/sbin:/usr/local/bin:/usr/sbin:/usr/bin:/sbin:/bin:/usr/games:/usr/local/games:/snap/bin

Yarn version: 
  1.22.17

Node version: 
  14.15.4

Platform: 
  linux x64

Trace: 
  Error: https://registry.yarnpkg.com/node_modules: Not found
      at Request.params.callback [as _callback] (/home/admin1234/.nvm/versions/node/v14.15.4/lib/node_modules/yarn/lib/cli.js:67029:18)
      at Request.self.callback (/home/admin1234/.nvm/versions/node/v14.15.4/lib/node_modules/yarn/lib/cli.js:140883:22)
      at Request.emit (events.js:315:20)
      at Request.<anonymous> (/home/admin1234/.nvm/versions/node/v14.15.4/lib/node_modules/yarn/lib/cli.js:141855:10)
      at Request.emit (events.js:315:20)
      at IncomingMessage.<anonymous> (/home/admin1234/.nvm/versions/node/v14.15.4/lib/node_modules/yarn/lib/cli.js:141777:12)
      at Object.onceWrapper (events.js:421:28)
      at IncomingMessage.emit (events.js:327:22)
      at endReadableNT (internal/streams/readable.js:1327:12)
      at processTicksAndRejections (internal/process/task_queues.js:80:21)

npm manifest: 
  {
    "name": "server",
    "version": "1.0.0",
    "description": "",
    "main": "index.js",
    "scripts": {
      "start": "nodemon index.js",
      "test": "echo \"Error: no test specified\" && exit 1"
    },
    "keywords": [],
    "author": "",
    "license": "ISC",
    "dependencies": {
      "axios": "^0.24.0",
      "ejs": "^3.1.6",
      "express": "^4.17.1",
      "nodemon": "^2.0.15",
      "pug": "^3.0.2",
      "socket.io": "^4.3.2"
    }
  }

yarn manifest: 
  No manifest

Lockfile: 
  No lockfile
